Dbg [parser.cc:574] Converting a deprecated source[/home/user/simulation_ws/src/realrobotlab_simulation/realrobotlab/worlds/realrobotlab_v1.world].
Dbg [Converter.cc:68] Version[1.5] to Version[1.7]
  Please use the gz sdf tool to update your SDF files.
    $ gz sdf -c [sdf_file]
Warning [parser.cc:723] Can not find the XML attribute 'version' in sdf XML tag for model: ring_road_v2. Please specify the SDF protocol supported in the model configuration file. The first sdf tag in the config file will be used 
Dbg [parser.cc:574] Converting a deprecated source[/home/user/.gazebo/models/ring_road_v2/model.sdf].
Dbg [Converter.cc:68] Version[1.5] to Version[1.7]
  Please use the gz sdf tool to update your SDF files.
    $ gz sdf -c [sdf_file]
Dbg [parser.cc:574] Converting a deprecated source[/home/user/.gazebo/models/working_wall/model.sdf].
Dbg [Converter.cc:68] Version[1.6] to Version[1.7]
  Please use the gz sdf tool to update your SDF files.
    $ gz sdf -c [sdf_file]
Dbg [parser.cc:574] Converting a deprecated source[/home/user/.gazebo/models/working_wall/model.sdf].
Dbg [Converter.cc:68] Version[1.6] to Version[1.7]
  Please use the gz sdf tool to update your SDF files.
    $ gz sdf -c [sdf_file]
Dbg [parser.cc:574] Converting a deprecated source[/home/user/.gazebo/models/working_wall_2/model.sdf].
Dbg [Converter.cc:68] Version[1.6] to Version[1.7]
  Please use the gz sdf tool to update your SDF files.
    $ gz sdf -c [sdf_file]
Dbg [parser.cc:574] Converting a deprecated source[/home/user/.gazebo/models/working_wall_2/model.sdf].
Dbg [Converter.cc:68] Version[1.6] to Version[1.7]
  Please use the gz sdf tool to update your SDF files.
    $ gz sdf -c [sdf_file]
Warning [parser.cc:723] Can not find the XML attribute 'version' in sdf XML tag for model: triangular_prism. Please specify the SDF protocol supported in the model configuration file. The first sdf tag in the config file will be used 
Dbg [parser.cc:574] Converting a deprecated source[/home/user/.gazebo/models/triangular_prism_stop/model.sdf].
Dbg [Converter.cc:68] Version[1.5] to Version[1.7]
  Please use the gz sdf tool to update your SDF files.
    $ gz sdf -c [sdf_file]
Warning [parser.cc:723] Can not find the XML attribute 'version' in sdf XML tag for model: triangular_prism_direccion_obligada. Please specify the SDF protocol supported in the model configuration file. The first sdf tag in the config file will be used 
Dbg [parser.cc:574] Converting a deprecated source[/home/user/.gazebo/models/triangular_prism_direccion_obligada/model.sdf].
Dbg [Converter.cc:68] Version[1.5] to Version[1.7]
  Please use the gz sdf tool to update your SDF files.
    $ gz sdf -c [sdf_file]
Warning [parser.cc:723] Can not find the XML attribute 'version' in sdf XML tag for model: triangular_prism_direccion_obligada. Please specify the SDF protocol supported in the model configuration file. The first sdf tag in the config file will be used 
Dbg [parser.cc:574] Converting a deprecated source[/home/user/.gazebo/models/triangular_prism_direccion_obligada/model.sdf].
Dbg [Converter.cc:68] Version[1.5] to Version[1.7]
  Please use the gz sdf tool to update your SDF files.
    $ gz sdf -c [sdf_file]
Warning [parser.cc:723] Can not find the XML attribute 'version' in sdf XML tag for model: triangular_prism. Please specify the SDF protocol supported in the model configuration file. The first sdf tag in the config file will be used 
Dbg [parser.cc:574] Converting a deprecated source[/home/user/.gazebo/models/triangular_prism_stop/model.sdf].
Dbg [Converter.cc:68] Version[1.5] to Version[1.7]
  Please use the gz sdf tool to update your SDF files.
    $ gz sdf -c [sdf_file]
Warning [parser.cc:723] Can not find the XML attribute 'version' in sdf XML tag for model: triangular_prism_pedestrian. Please specify the SDF protocol supported in the model configuration file. The first sdf tag in the config file will be used 
Dbg [parser.cc:574] Converting a deprecated source[/home/user/.gazebo/models/triangular_prism_pedestrian/model.sdf].
Dbg [Converter.cc:68] Version[1.5] to Version[1.7]
  Please use the gz sdf tool to update your SDF files.
    $ gz sdf -c [sdf_file]
Warning [parser.cc:723] Can not find the XML attribute 'version' in sdf XML tag for model: triangular_prism_pedestrian. Please specify the SDF protocol supported in the model configuration file. The first sdf tag in the config file will be used 
Dbg [parser.cc:574] Converting a deprecated source[/home/user/.gazebo/models/triangular_prism_pedestrian/model.sdf].
Dbg [Converter.cc:68] Version[1.5] to Version[1.7]
  Please use the gz sdf tool to update your SDF files.
    $ gz sdf -c [sdf_file]
Warning [parser.cc:723] Can not find the XML attribute 'version' in sdf XML tag for model: OverLoard Camera. Please specify the SDF protocol supported in the model configuration file. The first sdf tag in the config file will be used 
Dbg [parser.cc:574] Converting a deprecated source[/home/user/.gazebo/models/overlord_camera/model.sdf].
Dbg [Converter.cc:68] Version[1.6] to Version[1.7]
  Please use the gz sdf tool to update your SDF files.
    $ gz sdf -c [sdf_file]
Dbg [parser_urdf.cc:1517] extension [<sensor name="imu" type="imu"><always_on>true</always_on><visualize>false</visualize></sensor>] not converted from URDF, probably already in SDF format.
Dbg [parser_urdf.cc:1517] extension [<plugin filename="libgazebo_ros_diff_drive.so" name="turtlebot3_burger_controller"><commandTopic>cmd_vel</commandTopic><odometryTopic>odom</odometryTopic><odometryFrame>odom</odometryFrame><odometrySource>world</odometrySource><publishOdomTF>true</publishOdomTF><robotBaseFrame>base_footprint</robotBaseFrame><publishWheelTF>false</publishWheelTF><publishTf>true</publishTf><publishWheelJointState>true</publishWheelJointState><legacyMode>false</legacyMode><updateRate>30</updateRate><leftJoint>wheel_left_joint</leftJoint><rightJoint>wheel_right_joint</rightJoint><wheelSeparation>0.160</wheelSeparation><wheelDiameter>0.066</wheelDiameter><wheelAcceleration>1</wheelAcceleration><wheelTorque>10</wheelTorque><rosDebugLevel>na</rosDebugLevel><robotNamespace>/</robotNamespace></plugin>] not converted from URDF, probably already in SDF format.
Dbg [parser_urdf.cc:1517] extension [<plugin filename="libgazebo_ros_imu.so" name="imu_plugin"><alwaysOn>true</alwaysOn><bodyName>imu_link</bodyName><frameName>imu_link</frameName><topicName>imu</topicName><serviceName>imu_service</serviceName><gaussianNoise>0.0</gaussianNoise><updateRate>200</updateRate><imu><noise><type>gaussian</type><rate><mean>0.0</mean><stddev>2e-4</stddev><bias_mean>0.0000075</bias_mean><bias_stddev>0.0000008</bias_stddev></rate><accel><mean>0.0</mean><stddev>1.7e-2</stddev><bias_mean>0.1</bias_mean><bias_stddev>0.001</bias_stddev></accel></noise></imu><robotNamespace>/</robotNamespace></plugin>] not converted from URDF, probably already in SDF format.
Dbg [parser_urdf.cc:1517] extension [<sensor name="lds_lfcd_sensor" type="ray"><pose>0 0 0 0 0 0</pose><visualize>false</visualize><update_rate>5</update_rate><ray><scan><horizontal><samples>720</samples><resolution>1</resolution><min_angle>-3.1416</min_angle><max_angle>3.1416</max_angle></horizontal></scan><range><min>0.120</min><max>3.5</max><resolution>0.015</resolution></range><noise><type>gaussian</type><mean>0.0</mean><stddev>0.01</stddev></noise></ray><plugin filename="libgazebo_ros_laser.so" name="gazebo_ros_lds_lfcd_controller"><topicName>scan</topicName><frameName>base_scan</frameName><robotNamespace>/</robotNamespace></plugin></sensor>] not converted from URDF, probably already in SDF format.
Dbg [parser_urdf.cc:1517] extension [<sensor name="cam" type="camera"><update_rate>10.0</update_rate><camera name="raspv2"><pose>0 0 0 0 0 0</pose><horizontal_fov>1.3962634</horizontal_fov><image><width>640</width><height>480</height><format>R8G8B8</format></image><clip><near>0.005</near><far>20.0</far></clip></camera><plugin filename="libgazebo_ros_camera.so" name="camera_controller"><alwaysOn>true</alwaysOn><updateRate>0.0</updateRate><cameraName>cv_camera</cameraName><imageTopicName>image_raw</imageTopicName><cameraInfoTopicName>camera_info</cameraInfoTopicName><frameName>camera_link_frame</frameName><hackBaseline>0.07</hackBaseline><distortionK1>0.0</distortionK1><distortionK2>0.0</distortionK2><distortionK3>0.0</distortionK3><distortionT1>0.0</distortionT1><distortionT2>0.0</distortionT2><robotNamespace>/</robotNamespace></plugin></sensor>] not converted from URDF, probably already in SDF format.
Dbg [parser_urdf.cc:422] Fixed Joint Reduction: extension lumping from [caster_back_link] to [base_link]
Dbg [parser_urdf.cc:2483]   REDUCE EXTENSION: moving reference from [caster_back_link] to [base_link]
Dbg [parser_urdf.cc:2549]   STRING REPLACE: instances of _link name [caster_back_link] with [base_link]
Dbg [parser_urdf.cc:2557]         INITIAL STRING link [caster_back_link]-->[base_link]: [<plugin filename="libgazebo_ros_diff_drive.so" name="turtlebot3_burger_controller"><commandTopic>cmd_vel</commandTopic><odometryTopic>odom</odometryTopic><odometryFrame>odom</odometryFrame><odometrySource>world</odometrySource><publishOdomTF>true</publishOdomTF><robotBaseFrame>base_footprint</robotBaseFrame><publishWheelTF>false</publishWheelTF><publishTf>true</publishTf><publishWheelJointState>true</publishWheelJointState><legacyMode>false</legacyMode><updateRate>30</updateRate><leftJoint>wheel_left_joint</leftJoint><rightJoint>wheel_right_joint</rightJoint><wheelSeparation>0.160</wheelSeparation><wheelDiameter>0.066</wheelDiameter><wheelAcceleration>1</wheelAcceleration><wheelTorque>10</wheelTorque><rosDebugLevel>na</rosDebugLevel><robotNamespace>/</robotNamespace></plugin>]
Dbg [parser_urdf.cc:2549]   STRING REPLACE: instances of _link name [caster_back_link] with [base_link]
Dbg [parser_urdf.cc:2557]         INITIAL STRING link [caster_back_link]-->[base_link]: [<plugin filename="libgazebo_ros_imu.so" name="imu_plugin"><alwaysOn>true</alwaysOn><bodyName>imu_link</bodyName><frameName>imu_link</frameName><topicName>imu</topicName><serviceName>imu_service</serviceName><gaussianNoise>0.0</gaussianNoise><updateRate>200</updateRate><imu><noise><type>gaussian</type><rate><mean>0.0</mean><stddev>2e-4</stddev><bias_mean>0.0000075</bias_mean><bias_stddev>0.0000008</bias_stddev></rate><accel><mean>0.0</mean><stddev>1.7e-2</stddev><bias_mean>0.1</bias_mean><bias_stddev>0.001</bias_stddev></accel></noise></imu><robotNamespace>/</robotNamespace></plugin>]
Dbg [parser_urdf.cc:2549]   STRING REPLACE: instances of _link name [caster_back_link] with [base_link]
Dbg [parser_urdf.cc:2549]   STRING REPLACE: instances of _link name [caster_back_link] with [base_link]
Dbg [parser_urdf.cc:2549]   STRING REPLACE: instances of _link name [caster_back_link] with [base_link]
Dbg [parser_urdf.cc:2557]         INITIAL STRING link [caster_back_link]-->[base_link]: [<sensor name="lds_lfcd_sensor" type="ray"><pose>0 0 0 0 0 0</pose><visualize>false</visualize><update_rate>5</update_rate><ray><scan><horizontal><samples>720</samples><resolution>1</resolution><min_angle>-3.1416</min_angle><max_angle>3.1416</max_angle></horizontal></scan><range><min>0.120</min><max>3.5</max><resolution>0.015</resolution></range><noise><type>gaussian</type><mean>0.0</mean><stddev>0.01</stddev></noise></ray><plugin filename="libgazebo_ros_laser.so" name="gazebo_ros_lds_lfcd_controller"><topicName>scan</topicName><frameName>base_scan</frameName><robotNamespace>/</robotNamespace></plugin></sensor>]
Dbg [parser_urdf.cc:2549]   STRING REPLACE: instances of _link name [caster_back_link] with [base_link]
Dbg [parser_urdf.cc:2549]   STRING REPLACE: instances of _link name [caster_back_link] with [base_link]
Dbg [parser_urdf.cc:2557]         INITIAL STRING link [caster_back_link]-->[base_link]: [<sensor name="cam" type="camera"><update_rate>10.0</update_rate><camera name="raspv2"><pose>0 0 0 0 0 0</pose><horizontal_fov>1.3962634</horizontal_fov><image><width>640</width><height>480</height><format>R8G8B8</format></image><clip><near>0.005</near><far>20.0</far></clip></camera><plugin filename="libgazebo_ros_camera.so" name="camera_controller"><alwaysOn>true</alwaysOn><updateRate>0.0</updateRate><cameraName>cv_camera</cameraName><imageTopicName>image_raw</imageTopicName><cameraInfoTopicName>camera_info</cameraInfoTopicName><frameName>camera_link_frame</frameName><hackBaseline>0.07</hackBaseline><distortionK1>0.0</distortionK1><distortionK2>0.0</distortionK2><distortionK3>0.0</distortionK3><distortionT1>0.0</distortionT1><distortionT2>0.0</distortionT2><robotNamespace>/</robotNamespace></plugin></sensor>]
Dbg [parser_urdf.cc:2549]   STRING REPLACE: instances of _link name [caster_back_link] with [base_link]
Dbg [parser_urdf.cc:2557]         INITIAL STRING link [caster_back_link]-->[base_link]: [<sensor name="imu" type="imu"><always_on>true</always_on><visualize>false</visualize></sensor>]
Dbg [parser_urdf.cc:2549]   STRING REPLACE: instances of _link name [caster_back_link] with [base_link]
Dbg [parser_urdf.cc:2549]   STRING REPLACE: instances of _link name [caster_back_link] with [base_link]
Dbg [parser_urdf.cc:721] LINK NAME: [parent: base_link] from dMass
Dbg [parser_urdf.cc:722]      MASS: [0.825735]
Dbg [parser_urdf.cc:723]        CG: [0, 0, 0]
Dbg [parser_urdf.cc:725]         I: [0.00221244, -1.22941e-05, 3.49388e-05]
Dbg [parser_urdf.cc:727]            [-1.22941e-05, 0.00211937, -5.01209e-06]
Dbg [parser_urdf.cc:729]            [3.49388e-05, -5.01209e-06, 0.00200643]
Dbg [parser_urdf.cc:721] LINK NAME: [link : caster_back_link] from dMass
Dbg [parser_urdf.cc:722]      MASS: [0.005]
Dbg [parser_urdf.cc:723]        CG: [0, 0, 0]
Dbg [parser_urdf.cc:725]         I: [0.001, 0, 0]
Dbg [parser_urdf.cc:727]            [0, 0.001, 0]
Dbg [parser_urdf.cc:729]            [0, 0, 0.001]
Dbg [parser_urdf.cc:721] LINK NAME: [link in parent link: caster_back_link] from dMass
Dbg [parser_urdf.cc:722]      MASS: [0.005]
Dbg [parser_urdf.cc:723]        CG: [-0.081, 0, -0.004]
Dbg [parser_urdf.cc:725]         I: [0.00100008, 0, -1.62e-06]
Dbg [parser_urdf.cc:727]            [0, 0.00103289, 1.05879e-22]
Dbg [parser_urdf.cc:729]            [-1.62e-06, 1.05879e-22, 0.0010328]
Dbg [parser_urdf.cc:721] LINK NAME: [combined: base_link] from dMass
Dbg [parser_urdf.cc:722]      MASS: [0.830735]
Dbg [parser_urdf.cc:723]        CG: [-0.00048752, 0, -2.40751e-05]
Dbg [parser_urdf.cc:725]         I: [0.00321252, -1.22941e-05, 3.33188e-05]
Dbg [parser_urdf.cc:727]            [-1.22941e-05, 0.00315226, -5.01209e-06]
Dbg [parser_urdf.cc:729]            [3.33188e-05, -5.01209e-06, 0.00303923]
Dbg [parser_urdf.cc:737] LINK NAME: [base_link] from dMass
Dbg [parser_urdf.cc:738]      MASS: [0.830735]
Dbg [parser_urdf.cc:739]        CG: [-0.00048752, 0, -2.40751e-05]
Dbg [parser_urdf.cc:742]         I: [0.00321252, -1.22941e-05, 3.33285e-05]
Dbg [parser_urdf.cc:745]            [-1.22941e-05, 0.00315206, -5.01209e-06]
Dbg [parser_urdf.cc:748]            [3.33285e-05, -5.01209e-06, 0.00303903]
Dbg [parser_urdf.cc:1007] lumping collision [] for link [caster_back_link] to parent [base_link] with name [caster_back_link]
Dbg [parser_urdf.cc:422] Fixed Joint Reduction: extension lumping from [camera_link_frame] to [camera_link]
Dbg [parser_urdf.cc:2483]   REDUCE EXTENSION: moving reference from [camera_link_frame] to [camera_link]
Dbg [parser_urdf.cc:2549]   STRING REPLACE: instances of _link name [camera_link_frame] with [camera_link]
Dbg [parser_urdf.cc:2557]         INITIAL STRING link [camera_link_frame]-->[camera_link]: [<plugin filename="libgazebo_ros_diff_drive.so" name="turtlebot3_burger_controller"><commandTopic>cmd_vel</commandTopic><odometryTopic>odom</odometryTopic><odometryFrame>odom</odometryFrame><odometrySource>world</odometrySource><publishOdomTF>true</publishOdomTF><robotBaseFrame>base_footprint</robotBaseFrame><publishWheelTF>false</publishWheelTF><publishTf>true</publishTf><publishWheelJointState>true</publishWheelJointState><legacyMode>false</legacyMode><updateRate>30</updateRate><leftJoint>wheel_left_joint</leftJoint><rightJoint>wheel_right_joint</rightJoint><wheelSeparation>0.160</wheelSeparation><wheelDiameter>0.066</wheelDiameter><wheelAcceleration>1</wheelAcceleration><wheelTorque>10</wheelTorque><rosDebugLevel>na</rosDebugLevel><robotNamespace>/</robotNamespace></plugin>]
Dbg [parser_urdf.cc:2549]   STRING REPLACE: instances of _link name [camera_link_frame] with [camera_link]
Dbg [parser_urdf.cc:2557]         INITIAL STRING link [camera_link_frame]-->[camera_link]: [<plugin filename="libgazebo_ros_imu.so" name="imu_plugin"><alwaysOn>true</alwaysOn><bodyName>imu_link</bodyName><frameName>imu_link</frameName><topicName>imu</topicName><serviceName>imu_service</serviceName><gaussianNoise>0.0</gaussianNoise><updateRate>200</updateRate><imu><noise><type>gaussian</type><rate><mean>0.0</mean><stddev>2e-4</stddev><bias_mean>0.0000075</bias_mean><bias_stddev>0.0000008</bias_stddev></rate><accel><mean>0.0</mean><stddev>1.7e-2</stddev><bias_mean>0.1</bias_mean><bias_stddev>0.001</bias_stddev></accel></noise></imu><robotNamespace>/</robotNamespace></plugin>]
Dbg [parser_urdf.cc:2549]   STRING REPLACE: instances of _link name [camera_link_frame] with [camera_link]
Dbg [parser_urdf.cc:2549]   STRING REPLACE: instances of _link name [camera_link_frame] with [camera_link]
Dbg [parser_urdf.cc:2549]   STRING REPLACE: instances of _link name [camera_link_frame] with [camera_link]
Dbg [parser_urdf.cc:2557]         INITIAL STRING link [camera_link_frame]-->[camera_link]: [<sensor name="lds_lfcd_sensor" type="ray"><pose>0 0 0 0 0 0</pose><visualize>false</visualize><update_rate>5</update_rate><ray><scan><horizontal><samples>720</samples><resolution>1</resolution><min_angle>-3.1416</min_angle><max_angle>3.1416</max_angle></horizontal></scan><range><min>0.120</min><max>3.5</max><resolution>0.015</resolution></range><noise><type>gaussian</type><mean>0.0</mean><stddev>0.01</stddev></noise></ray><plugin filename="libgazebo_ros_laser.so" name="gazebo_ros_lds_lfcd_controller"><topicName>scan</topicName><frameName>base_scan</frameName><robotNamespace>/</robotNamespace></plugin></sensor>]
Dbg [parser_urdf.cc:2549]   STRING REPLACE: instances of _link name [camera_link_frame] with [camera_link]
Dbg [parser_urdf.cc:2549]   STRING REPLACE: instances of _link name [camera_link_frame] with [camera_link]
Dbg [parser_urdf.cc:2557]         INITIAL STRING link [camera_link_frame]-->[camera_link]: [<sensor name="cam" type="camera"><update_rate>10.0</update_rate><camera name="raspv2"><pose>0 0 0 0 0 0</pose><horizontal_fov>1.3962634</horizontal_fov><image><width>640</width><height>480</height><format>R8G8B8</format></image><clip><near>0.005</near><far>20.0</far></clip></camera><plugin filename="libgazebo_ros_camera.so" name="camera_controller"><alwaysOn>true</alwaysOn><updateRate>0.0</updateRate><cameraName>cv_camera</cameraName><imageTopicName>image_raw</imageTopicName><cameraInfoTopicName>camera_info</cameraInfoTopicName><frameName>camera_link_frame</frameName><hackBaseline>0.07</hackBaseline><distortionK1>0.0</distortionK1><distortionK2>0.0</distortionK2><distortionK3>0.0</distortionK3><distortionT1>0.0</distortionT1><distortionT2>0.0</distortionT2><robotNamespace>/</robotNamespace></plugin><pose>0.01 1e-06 0.002402 1.52 -0 0</pose></sensor>]
Dbg [parser_urdf.cc:2549]   STRING REPLACE: instances of _link name [camera_link_frame] with [camera_link]
Dbg [parser_urdf.cc:2557]         INITIAL STRING link [camera_link_frame]-->[camera_link]: [<sensor name="imu" type="imu"><always_on>true</always_on><visualize>false</visualize></sensor>]
Dbg [parser_urdf.cc:2549]   STRING REPLACE: instances of _link name [camera_link_frame] with [camera_link]
Dbg [parser_urdf.cc:2549]   STRING REPLACE: instances of _link name [camera_link_frame] with [camera_link]
Dbg [parser_urdf.cc:721] LINK NAME: [parent: camera_link] from dMass
Dbg [parser_urdf.cc:722]      MASS: [0.00217711]
Dbg [parser_urdf.cc:723]        CG: [2.88715e-05, 0.00248607, 0.00813026]
Dbg [parser_urdf.cc:725]         I: [3.69748e-07, 4.47029e-10, -1.13372e-10]
Dbg [parser_urdf.cc:727]            [4.47029e-10, 3.48021e-07, -4.54709e-08]
Dbg [parser_urdf.cc:729]            [-1.13372e-10, -4.54709e-08, 1.1762e-07]
Dbg [parser_urdf.cc:721] LINK NAME: [link : camera_link_frame] from dMass
Dbg [parser_urdf.cc:722]      MASS: [0.001]
Dbg [parser_urdf.cc:723]        CG: [0, 0, 0]
Dbg [parser_urdf.cc:725]         I: [9.1875e-09, 0, 0]
Dbg [parser_urdf.cc:727]            [0, 9.1875e-09, 0]
Dbg [parser_urdf.cc:729]            [0, 0, 1.37812e-08]
Dbg [parser_urdf.cc:721] LINK NAME: [link in parent link: camera_link_frame] from dMass
Dbg [parser_urdf.cc:722]      MASS: [0.001]
Dbg [parser_urdf.cc:723]        CG: [0.01, 1e-06, 0.002402]
Dbg [parser_urdf.cc:725]         I: [1.49571e-08, -1e-11, -2.402e-08]
Dbg [parser_urdf.cc:727]            [-1e-11, 1.19539e-07, -2.35346e-10]
Dbg [parser_urdf.cc:729]            [-2.402e-08, -2.35346e-10, 1.09199e-07]
Dbg [parser_urdf.cc:721] LINK NAME: [combined: camera_link] from dMass
Dbg [parser_urdf.cc:722]      MASS: [0.00317711]
Dbg [parser_urdf.cc:723]        CG: [0.0031673, 0.00170389, 0.00632728]
Dbg [parser_urdf.cc:725]         I: [3.84705e-07, 4.37029e-10, -2.41334e-08]
Dbg [parser_urdf.cc:727]            [4.37029e-10, 4.6756e-07, -4.57062e-08]
Dbg [parser_urdf.cc:729]            [-2.41334e-08, -4.57062e-08, 2.26819e-07]
Dbg [parser_urdf.cc:737] LINK NAME: [camera_link] from dMass
Dbg [parser_urdf.cc:738]      MASS: [0.00317711]
Dbg [parser_urdf.cc:739]        CG: [0.0031673, 0.00170389, 0.00632728]
Dbg [parser_urdf.cc:742]         I: [2.48287e-07, 1.7583e-08, 3.95372e-08]
Dbg [parser_urdf.cc:745]            [1.7583e-08, 3.08494e-07, -1.14538e-08]
Dbg [parser_urdf.cc:748]            [3.95372e-08, -1.14538e-08, 1.85723e-07]
Dbg [parser_urdf.cc:948] lumping visual [] for link [camera_link_frame] to parent [camera_link] with name [camera_link_frame]
Dbg [parser_urdf.cc:422] Fixed Joint Reduction: extension lumping from [camera_link] to [base_link]
Dbg [parser_urdf.cc:2483]   REDUCE EXTENSION: moving reference from [camera_link] to [base_link]
Dbg [parser_urdf.cc:2549]   STRING REPLACE: instances of _link name [camera_link] with [base_link]
Dbg [parser_urdf.cc:2557]         INITIAL STRING link [camera_link]-->[base_link]: [<plugin filename="libgazebo_ros_diff_drive.so" name="turtlebot3_burger_controller"><commandTopic>cmd_vel</commandTopic><odometryTopic>odom</odometryTopic><odometryFrame>odom</odometryFrame><odometrySource>world</odometrySource><publishOdomTF>true</publishOdomTF><robotBaseFrame>base_footprint</robotBaseFrame><publishWheelTF>false</publishWheelTF><publishTf>true</publishTf><publishWheelJointState>true</publishWheelJointState><legacyMode>false</legacyMode><updateRate>30</updateRate><leftJoint>wheel_left_joint</leftJoint><rightJoint>wheel_right_joint</rightJoint><wheelSeparation>0.160</wheelSeparation><wheelDiameter>0.066</wheelDiameter><wheelAcceleration>1</wheelAcceleration><wheelTorque>10</wheelTorque><rosDebugLevel>na</rosDebugLevel><robotNamespace>/</robotNamespace></plugin>]
Dbg [parser_urdf.cc:2549]   STRING REPLACE: instances of _link name [camera_link] with [base_link]
Dbg [parser_urdf.cc:2557]         INITIAL STRING link [camera_link]-->[base_link]: [<plugin filename="libgazebo_ros_imu.so" name="imu_plugin"><alwaysOn>true</alwaysOn><bodyName>imu_link</bodyName><frameName>imu_link</frameName><topicName>imu</topicName><serviceName>imu_service</serviceName><gaussianNoise>0.0</gaussianNoise><updateRate>200</updateRate><imu><noise><type>gaussian</type><rate><mean>0.0</mean><stddev>2e-4</stddev><bias_mean>0.0000075</bias_mean><bias_stddev>0.0000008</bias_stddev></rate><accel><mean>0.0</mean><stddev>1.7e-2</stddev><bias_mean>0.1</bias_mean><bias_stddev>0.001</bias_stddev></accel></noise></imu><robotNamespace>/</robotNamespace></plugin>]
Dbg [parser_urdf.cc:2549]   STRING REPLACE: instances of _link name [camera_link] with [base_link]
Dbg [parser_urdf.cc:2549]   STRING REPLACE: instances of _link name [camera_link] with [base_link]
Dbg [parser_urdf.cc:2549]   STRING REPLACE: instances of _link name [camera_link] with [base_link]
Dbg [parser_urdf.cc:2549]   STRING REPLACE: instances of _link name [camera_link] with [base_link]
Dbg [parser_urdf.cc:2557]         INITIAL STRING link [camera_link]-->[base_link]: [<sensor name="cam" type="camera"><update_rate>10.0</update_rate><camera name="raspv2"><pose>0 0 0 0 0 0</pose><horizontal_fov>1.3962634</horizontal_fov><image><width>640</width><height>480</height><format>R8G8B8</format></image><clip><near>0.005</near><far>20.0</far></clip></camera><plugin filename="libgazebo_ros_camera.so" name="camera_controller"><alwaysOn>true</alwaysOn><updateRate>0.0</updateRate><cameraName>cv_camera</cameraName><imageTopicName>image_raw</imageTopicName><cameraInfoTopicName>camera_info</cameraInfoTopicName><frameName>camera_link_frame</frameName><hackBaseline>0.07</hackBaseline><distortionK1>0.0</distortionK1><distortionK2>0.0</distortionK2><distortionK3>0.0</distortionK3><distortionT1>0.0</distortionT1><distortionT2>0.0</distortionT2><robotNamespace>/</robotNamespace></plugin><pose>0.06 0.002402 0.100001 -0.05 0 0</pose></sensor>]
Dbg [parser_urdf.cc:2549]   STRING REPLACE: instances of _link name [camera_link] with [base_link]
Dbg [parser_urdf.cc:2557]         INITIAL STRING link [camera_link]-->[base_link]: [<sensor name="lds_lfcd_sensor" type="ray"><pose>0 0 0 0 0 0</pose><visualize>false</visualize><update_rate>5</update_rate><ray><scan><horizontal><samples>720</samples><resolution>1</resolution><min_angle>-3.1416</min_angle><max_angle>3.1416</max_angle></horizontal></scan><range><min>0.120</min><max>3.5</max><resolution>0.015</resolution></range><noise><type>gaussian</type><mean>0.0</mean><stddev>0.01</stddev></noise></ray><plugin filename="libgazebo_ros_laser.so" name="gazebo_ros_lds_lfcd_controller"><topicName>scan</topicName><frameName>base_scan</frameName><robotNamespace>/</robotNamespace></plugin></sensor>]
Dbg [parser_urdf.cc:2549]   STRING REPLACE: instances of _link name [camera_link] with [base_link]
Dbg [parser_urdf.cc:2557]         INITIAL STRING link [camera_link]-->[base_link]: [<sensor name="imu" type="imu"><always_on>true</always_on><visualize>false</visualize></sensor>]
Dbg [parser_urdf.cc:2549]   STRING REPLACE: instances of _link name [camera_link] with [base_link]
Dbg [parser_urdf.cc:2549]   STRING REPLACE: instances of _link name [camera_link] with [base_link]
Dbg [parser_urdf.cc:721] LINK NAME: [parent: base_link] from dMass
Dbg [parser_urdf.cc:722]      MASS: [0.830735]
Dbg [parser_urdf.cc:723]        CG: [-0.00048752, 0, -2.40751e-05]
Dbg [parser_urdf.cc:725]         I: [0.00321252, -1.22941e-05, 3.33188e-05]
Dbg [parser_urdf.cc:727]            [-1.22941e-05, 0.00315226, -5.01209e-06]
Dbg [parser_urdf.cc:729]            [3.33188e-05, -5.01209e-06, 0.00303923]
Dbg [parser_urdf.cc:721] LINK NAME: [link : camera_link] from dMass
Dbg [parser_urdf.cc:722]      MASS: [0.00317711]
Dbg [parser_urdf.cc:723]        CG: [0, 0, 0]
Dbg [parser_urdf.cc:725]         I: [2.48287e-07, 1.7583e-08, 3.95372e-08]
Dbg [parser_urdf.cc:727]            [1.7583e-08, 3.08494e-07, -1.14538e-08]
Dbg [parser_urdf.cc:729]            [3.95372e-08, -1.14538e-08, 1.85723e-07]
Dbg [parser_urdf.cc:721] LINK NAME: [link in parent link: camera_link] from dMass
Dbg [parser_urdf.cc:722]      MASS: [0.00317711]
Dbg [parser_urdf.cc:723]        CG: [0.0531673, 0.00632864, 0.0983011]
Dbg [parser_urdf.cc:725]         I: [3.10763e-05, -1.02947e-06, -1.66224e-05]
Dbg [parser_urdf.cc:727]            [-1.02947e-06, 3.98674e-05, -1.96516e-06]
Dbg [parser_urdf.cc:729]            [-1.66224e-05, -1.96516e-06, 9.41669e-06]
Dbg [parser_urdf.cc:721] LINK NAME: [combined: base_link] from dMass
Dbg [parser_urdf.cc:722]      MASS: [0.833912]
Dbg [parser_urdf.cc:723]        CG: [-0.000283101, 2.41114e-05, 0.000350533]
Dbg [parser_urdf.cc:725]         I: [0.0032436, -1.33236e-05, 1.66964e-05]
Dbg [parser_urdf.cc:727]            [-1.33236e-05, 0.00319212, -6.97725e-06]
Dbg [parser_urdf.cc:729]            [1.66964e-05, -6.97725e-06, 0.00304865]
Dbg [parser_urdf.cc:737] LINK NAME: [base_link] from dMass
Dbg [parser_urdf.cc:738]      MASS: [0.833912]
Dbg [parser_urdf.cc:739]        CG: [-0.000283101, 2.41114e-05, 0.000350533]
Dbg [parser_urdf.cc:742]         I: [0.00324349, -1.33293e-05, 1.66136e-05]
Dbg [parser_urdf.cc:745]            [-1.33293e-05, 0.00319195, -6.97021e-06]
Dbg [parser_urdf.cc:748]            [1.66136e-05, -6.97021e-06, 0.00304858]
Dbg [parser_urdf.cc:948] lumping visual [] for link [camera_link] to parent [base_link] with name [camera_link]
Dbg [parser_urdf.cc:948] lumping visual [camera_link_frame] for link [camera_link] to parent [base_link] with name [camera_link_frame]
Dbg [parser_urdf.cc:1007] lumping collision [] for link [camera_link] to parent [base_link] with name [camera_link]
Dbg [parser_urdf.cc:422] Fixed Joint Reduction: extension lumping from [imu_link] to [base_link]
Dbg [parser_urdf.cc:2483]   REDUCE EXTENSION: moving reference from [imu_link] to [base_link]
Dbg [parser_urdf.cc:2549]   STRING REPLACE: instances of _link name [imu_link] with [base_link]
Dbg [parser_urdf.cc:2557]         INITIAL STRING link [imu_link]-->[base_link]: [<plugin filename="libgazebo_ros_diff_drive.so" name="turtlebot3_burger_controller"><commandTopic>cmd_vel</commandTopic><odometryTopic>odom</odometryTopic><odometryFrame>odom</odometryFrame><odometrySource>world</odometrySource><publishOdomTF>true</publishOdomTF><robotBaseFrame>base_footprint</robotBaseFrame><publishWheelTF>false</publishWheelTF><publishTf>true</publishTf><publishWheelJointState>true</publishWheelJointState><legacyMode>false</legacyMode><updateRate>30</updateRate><leftJoint>wheel_left_joint</leftJoint><rightJoint>wheel_right_joint</rightJoint><wheelSeparation>0.160</wheelSeparation><wheelDiameter>0.066</wheelDiameter><wheelAcceleration>1</wheelAcceleration><wheelTorque>10</wheelTorque><rosDebugLevel>na</rosDebugLevel><robotNamespace>/</robotNamespace></plugin>]
Dbg [parser_urdf.cc:2549]   STRING REPLACE: instances of _link name [imu_link] with [base_link]
Dbg [parser_urdf.cc:2557]         INITIAL STRING link [imu_link]-->[base_link]: [<plugin filename="libgazebo_ros_imu.so" name="imu_plugin"><alwaysOn>true</alwaysOn><bodyName>imu_link</bodyName><frameName>imu_link</frameName><topicName>imu</topicName><serviceName>imu_service</serviceName><gaussianNoise>0.0</gaussianNoise><updateRate>200</updateRate><imu><noise><type>gaussian</type><rate><mean>0.0</mean><stddev>2e-4</stddev><bias_mean>0.0000075</bias_mean><bias_stddev>0.0000008</bias_stddev></rate><accel><mean>0.0</mean><stddev>1.7e-2</stddev><bias_mean>0.1</bias_mean><bias_stddev>0.001</bias_stddev></accel></noise></imu><robotNamespace>/</robotNamespace></plugin>]
Dbg [parser_urdf.cc:2549]   STRING REPLACE: instances of _link name [imu_link] with [base_link]
Dbg [parser_urdf.cc:2549]   STRING REPLACE: instances of _link name [imu_link] with [base_link]
Dbg [parser_urdf.cc:2549]   STRING REPLACE: instances of _link name [imu_link] with [base_link]
Dbg [parser_urdf.cc:2549]   STRING REPLACE: instances of _link name [imu_link] with [base_link]
Dbg [parser_urdf.cc:2557]         INITIAL STRING link [imu_link]-->[base_link]: [<sensor name="cam" type="camera"><update_rate>10.0</update_rate><camera name="raspv2"><pose>0 0 0 0 0 0</pose><horizontal_fov>1.3962634</horizontal_fov><image><width>640</width><height>480</height><format>R8G8B8</format></image><clip><near>0.005</near><far>20.0</far></clip></camera><plugin filename="libgazebo_ros_camera.so" name="camera_controller"><alwaysOn>true</alwaysOn><updateRate>0.0</updateRate><cameraName>cv_camera</cameraName><imageTopicName>image_raw</imageTopicName><cameraInfoTopicName>camera_info</cameraInfoTopicName><frameName>camera_link_frame</frameName><hackBaseline>0.07</hackBaseline><distortionK1>0.0</distortionK1><distortionK2>0.0</distortionK2><distortionK3>0.0</distortionK3><distortionT1>0.0</distortionT1><distortionT2>0.0</distortionT2><robotNamespace>/</robotNamespace></plugin><pose>0.06 0.002402 0.100001 -0.05 0 0</pose></sensor>]
Dbg [parser_urdf.cc:2549]   STRING REPLACE: instances of _link name [imu_link] with [base_link]
Dbg [parser_urdf.cc:2557]         INITIAL STRING link [imu_link]-->[base_link]: [<sensor name="imu" type="imu"><always_on>true</always_on><visualize>false</visualize><pose>-0.032 0 0.068 0 -0 0</pose></sensor>]
Dbg [parser_urdf.cc:2549]   STRING REPLACE: instances of _link name [imu_link] with [base_link]
Dbg [parser_urdf.cc:2557]         INITIAL STRING link [imu_link]-->[base_link]: [<sensor name="lds_lfcd_sensor" type="ray"><pose>0 0 0 0 0 0</pose><visualize>false</visualize><update_rate>5</update_rate><ray><scan><horizontal><samples>720</samples><resolution>1</resolution><min_angle>-3.1416</min_angle><max_angle>3.1416</max_angle></horizontal></scan><range><min>0.120</min><max>3.5</max><resolution>0.015</resolution></range><noise><type>gaussian</type><mean>0.0</mean><stddev>0.01</stddev></noise></ray><plugin filename="libgazebo_ros_laser.so" name="gazebo_ros_lds_lfcd_controller"><topicName>scan</topicName><frameName>base_scan</frameName><robotNamespace>/</robotNamespace></plugin></sensor>]
Dbg [parser_urdf.cc:2549]   STRING REPLACE: instances of _link name [imu_link] with [base_link]
Dbg [parser_urdf.cc:2549]   STRING REPLACE: instances of _link name [imu_link] with [base_link]
Dbg [parser_urdf.cc:422] Fixed Joint Reduction: extension lumping from [base_scan] to [base_link]
Dbg [parser_urdf.cc:2483]   REDUCE EXTENSION: moving reference from [base_scan] to [base_link]
Dbg [parser_urdf.cc:2549]   STRING REPLACE: instances of _link name [base_scan] with [base_link]
Dbg [parser_urdf.cc:2557]         INITIAL STRING link [base_scan]-->[base_link]: [<plugin filename="libgazebo_ros_diff_drive.so" name="turtlebot3_burger_controller"><commandTopic>cmd_vel</commandTopic><odometryTopic>odom</odometryTopic><odometryFrame>odom</odometryFrame><odometrySource>world</odometrySource><publishOdomTF>true</publishOdomTF><robotBaseFrame>base_footprint</robotBaseFrame><publishWheelTF>false</publishWheelTF><publishTf>true</publishTf><publishWheelJointState>true</publishWheelJointState><legacyMode>false</legacyMode><updateRate>30</updateRate><leftJoint>wheel_left_joint</leftJoint><rightJoint>wheel_right_joint</rightJoint><wheelSeparation>0.160</wheelSeparation><wheelDiameter>0.066</wheelDiameter><wheelAcceleration>1</wheelAcceleration><wheelTorque>10</wheelTorque><rosDebugLevel>na</rosDebugLevel><robotNamespace>/</robotNamespace></plugin>]
Dbg [parser_urdf.cc:2549]   STRING REPLACE: instances of _link name [base_scan] with [base_link]
Dbg [parser_urdf.cc:2557]         INITIAL STRING link [base_scan]-->[base_link]: [<plugin filename="libgazebo_ros_imu.so" name="imu_plugin"><alwaysOn>true</alwaysOn><topicName>imu</topicName><serviceName>imu_service</serviceName><gaussianNoise>0.0</gaussianNoise><updateRate>200</updateRate><imu><noise><type>gaussian</type><rate><mean>0.0</mean><stddev>2e-4</stddev><bias_mean>0.0000075</bias_mean><bias_stddev>0.0000008</bias_stddev></rate><accel><mean>0.0</mean><stddev>1.7e-2</stddev><bias_mean>0.1</bias_mean><bias_stddev>0.001</bias_stddev></accel></noise></imu><robotNamespace>/</robotNamespace><bodyName>base_link</bodyName><frameName>base_link</frameName><xyzOffset>0.064 0 -0.136</xyzOffset><rpyOffset>0 -0 0</rpyOffset></plugin>]
Dbg [parser_urdf.cc:2549]   STRING REPLACE: instances of _link name [base_scan] with [base_link]
Dbg [parser_urdf.cc:2549]   STRING REPLACE: instances of _link name [base_scan] with [base_link]
Dbg [parser_urdf.cc:2549]   STRING REPLACE: instances of _link name [base_scan] with [base_link]
Dbg [parser_urdf.cc:2549]   STRING REPLACE: instances of _link name [base_scan] with [base_link]
Dbg [parser_urdf.cc:2557]         INITIAL STRING link [base_scan]-->[base_link]: [<sensor name="cam" type="camera"><update_rate>10.0</update_rate><camera name="raspv2"><pose>0 0 0 0 0 0</pose><horizontal_fov>1.3962634</horizontal_fov><image><width>640</width><height>480</height><format>R8G8B8</format></image><clip><near>0.005</near><far>20.0</far></clip></camera><plugin filename="libgazebo_ros_camera.so" name="camera_controller"><alwaysOn>true</alwaysOn><updateRate>0.0</updateRate><cameraName>cv_camera</cameraName><imageTopicName>image_raw</imageTopicName><cameraInfoTopicName>camera_info</cameraInfoTopicName><frameName>camera_link_frame</frameName><hackBaseline>0.07</hackBaseline><distortionK1>0.0</distortionK1><distortionK2>0.0</distortionK2><distortionK3>0.0</distortionK3><distortionT1>0.0</distortionT1><distortionT2>0.0</distortionT2><robotNamespace>/</robotNamespace></plugin><pose>0.06 0.002402 0.100001 -0.05 0 0</pose></sensor>]
Dbg [parser_urdf.cc:2549]   STRING REPLACE: instances of _link name [base_scan] with [base_link]
Dbg [parser_urdf.cc:2557]         INITIAL STRING link [base_scan]-->[base_link]: [<sensor name="imu" type="imu"><always_on>true</always_on><visualize>false</visualize><pose>-0.032 0 0.068 0 -0 0</pose></sensor>]
Dbg [parser_urdf.cc:2549]   STRING REPLACE: instances of _link name [base_scan] with [base_link]
Dbg [parser_urdf.cc:2557]         INITIAL STRING link [base_scan]-->[base_link]: [<sensor name="lds_lfcd_sensor" type="ray"><visualize>false</visualize><update_rate>5</update_rate><ray><scan><horizontal><samples>720</samples><resolution>1</resolution><min_angle>-3.1416</min_angle><max_angle>3.1416</max_angle></horizontal></scan><range><min>0.120</min><max>3.5</max><resolution>0.015</resolution></range><noise><type>gaussian</type><mean>0.0</mean><stddev>0.01</stddev></noise></ray><plugin filename="libgazebo_ros_laser.so" name="gazebo_ros_lds_lfcd_controller"><topicName>scan</topicName><frameName>base_scan</frameName><robotNamespace>/</robotNamespace></plugin><pose>-0.032 0 0.172 0 -0 0</pose></sensor>]
Dbg [parser_urdf.cc:2549]   STRING REPLACE: instances of _link name [base_scan] with [base_link]
Dbg [parser_urdf.cc:2549]   STRING REPLACE: instances of _link name [base_scan] with [base_link]
Dbg [parser_urdf.cc:721] LINK NAME: [parent: base_link] from dMass
Dbg [parser_urdf.cc:722]      MASS: [0.833912]
Dbg [parser_urdf.cc:723]        CG: [-0.000283101, 2.41114e-05, 0.000350533]
Dbg [parser_urdf.cc:725]         I: [0.0032436, -1.33236e-05, 1.66964e-05]
Dbg [parser_urdf.cc:727]            [-1.33236e-05, 0.00319212, -6.97725e-06]
Dbg [parser_urdf.cc:729]            [1.66964e-05, -6.97725e-06, 0.00304865]
Dbg [parser_urdf.cc:721] LINK NAME: [link : base_scan] from dMass
Dbg [parser_urdf.cc:722]      MASS: [0.114]
Dbg [parser_urdf.cc:723]        CG: [0, 0, 0]
Dbg [parser_urdf.cc:725]         I: [0.001, 0, 0]
Dbg [parser_urdf.cc:727]            [0, 0.001, 0]
Dbg [parser_urdf.cc:729]            [0, 0, 0.001]
Dbg [parser_urdf.cc:721] LINK NAME: [link in parent link: base_scan] from dMass
Dbg [parser_urdf.cc:722]      MASS: [0.114]
Dbg [parser_urdf.cc:723]        CG: [-0.032, 0, 0.172]
Dbg [parser_urdf.cc:725]         I: [0.00437258, 0, 0.000627456]
Dbg [parser_urdf.cc:727]            [0, 0.00448931, 0]
Dbg [parser_urdf.cc:729]            [0.000627456, 0, 0.00111674]
Dbg [parser_urdf.cc:721] LINK NAME: [combined: base_link] from dMass
Dbg [parser_urdf.cc:722]      MASS: [0.947912]
Dbg [parser_urdf.cc:723]        CG: [-0.00409751, 2.12116e-05, 0.0209938]
Dbg [parser_urdf.cc:725]         I: [0.00761617, -1.33236e-05, 0.000644152]
Dbg [parser_urdf.cc:727]            [-1.33236e-05, 0.00768143, -6.97725e-06]
Dbg [parser_urdf.cc:729]            [0.000644152, -6.97725e-06, 0.00416538]
Dbg [parser_urdf.cc:737] LINK NAME: [base_link] from dMass
Dbg [parser_urdf.cc:738]      MASS: [0.947912]
Dbg [parser_urdf.cc:739]        CG: [-0.00409751, 2.12116e-05, 0.0209938]
Dbg [parser_urdf.cc:742]         I: [0.00719839, -1.3406e-05, 0.000562611]
Dbg [parser_urdf.cc:745]            [-1.3406e-05, 0.00724774, -6.55514e-06]
Dbg [parser_urdf.cc:748]            [0.000562611, -6.55514e-06, 0.00414947]
Dbg [parser_urdf.cc:948] lumping visual [] for link [base_scan] to parent [base_link] with name [base_scan]
Dbg [parser_urdf.cc:1007] lumping collision [] for link [base_scan] to parent [base_link] with name [base_scan]
Dbg [parser_urdf.cc:422] Fixed Joint Reduction: extension lumping from [base_link] to [base_footprint]
Dbg [parser_urdf.cc:2483]   REDUCE EXTENSION: moving reference from [base_link] to [base_footprint]
Dbg [parser_urdf.cc:2549]   STRING REPLACE: instances of _link name [base_link] with [base_footprint]
Dbg [parser_urdf.cc:2557]         INITIAL STRING link [base_link]-->[base_footprint]: [<plugin filename="libgazebo_ros_diff_drive.so" name="turtlebot3_burger_controller"><commandTopic>cmd_vel</commandTopic><odometryTopic>odom</odometryTopic><odometryFrame>odom</odometryFrame><odometrySource>world</odometrySource><publishOdomTF>true</publishOdomTF><robotBaseFrame>base_footprint</robotBaseFrame><publishWheelTF>false</publishWheelTF><publishTf>true</publishTf><publishWheelJointState>true</publishWheelJointState><legacyMode>false</legacyMode><updateRate>30</updateRate><leftJoint>wheel_left_joint</leftJoint><rightJoint>wheel_right_joint</rightJoint><wheelSeparation>0.160</wheelSeparation><wheelDiameter>0.066</wheelDiameter><wheelAcceleration>1</wheelAcceleration><wheelTorque>10</wheelTorque><rosDebugLevel>na</rosDebugLevel><robotNamespace>/</robotNamespace></plugin>]
Dbg [parser_urdf.cc:2549]   STRING REPLACE: instances of _link name [base_link] with [base_footprint]
Dbg [parser_urdf.cc:2557]         INITIAL STRING link [base_link]-->[base_footprint]: [<plugin filename="libgazebo_ros_imu.so" name="imu_plugin"><alwaysOn>true</alwaysOn><topicName>imu</topicName><serviceName>imu_service</serviceName><gaussianNoise>0.0</gaussianNoise><updateRate>200</updateRate><imu><noise><type>gaussian</type><rate><mean>0.0</mean><stddev>2e-4</stddev><bias_mean>0.0000075</bias_mean><bias_stddev>0.0000008</bias_stddev></rate><accel><mean>0.0</mean><stddev>1.7e-2</stddev><bias_mean>0.1</bias_mean><bias_stddev>0.001</bias_stddev></accel></noise></imu><robotNamespace>/</robotNamespace><bodyName>base_link</bodyName><frameName>base_link</frameName><xyzOffset>0.064 0 -0.136</xyzOffset><rpyOffset>0 -0 0</rpyOffset></plugin>]
Dbg [parser_urdf.cc:2549]   STRING REPLACE: instances of _link name [base_link] with [base_footprint]
Dbg [parser_urdf.cc:2549]   STRING REPLACE: instances of _link name [base_link] with [base_footprint]
Dbg [parser_urdf.cc:2549]   STRING REPLACE: instances of _link name [base_link] with [base_footprint]
Dbg [parser_urdf.cc:2549]   STRING REPLACE: instances of _link name [base_link] with [base_footprint]
Dbg [parser_urdf.cc:2557]         INITIAL STRING link [base_link]-->[base_footprint]: [<sensor name="cam" type="camera"><update_rate>10.0</update_rate><camera name="raspv2"><pose>0 0 0 0 0 0</pose><horizontal_fov>1.3962634</horizontal_fov><image><width>640</width><height>480</height><format>R8G8B8</format></image><clip><near>0.005</near><far>20.0</far></clip></camera><plugin filename="libgazebo_ros_camera.so" name="camera_controller"><alwaysOn>true</alwaysOn><updateRate>0.0</updateRate><cameraName>cv_camera</cameraName><imageTopicName>image_raw</imageTopicName><cameraInfoTopicName>camera_info</cameraInfoTopicName><frameName>camera_link_frame</frameName><hackBaseline>0.07</hackBaseline><distortionK1>0.0</distortionK1><distortionK2>0.0</distortionK2><distortionK3>0.0</distortionK3><distortionT1>0.0</distortionT1><distortionT2>0.0</distortionT2><robotNamespace>/</robotNamespace></plugin><pose>0.06 0.002402 0.110001 -0.05 0 0</pose></sensor>]
Dbg [parser_urdf.cc:2549]   STRING REPLACE: instances of _link name [base_link] with [base_footprint]
Dbg [parser_urdf.cc:2557]         INITIAL STRING link [base_link]-->[base_footprint]: [<sensor name="imu" type="imu"><always_on>true</always_on><visualize>false</visualize><pose>-0.032 0 0.078 0 -0 0</pose></sensor>]
Dbg [parser_urdf.cc:2549]   STRING REPLACE: instances of _link name [base_link] with [base_footprint]
Dbg [parser_urdf.cc:2557]         INITIAL STRING link [base_link]-->[base_footprint]: [<sensor name="lds_lfcd_sensor" type="ray"><visualize>false</visualize><update_rate>5</update_rate><ray><scan><horizontal><samples>720</samples><resolution>1</resolution><min_angle>-3.1416</min_angle><max_angle>3.1416</max_angle></horizontal></scan><range><min>0.120</min><max>3.5</max><resolution>0.015</resolution></range><noise><type>gaussian</type><mean>0.0</mean><stddev>0.01</stddev></noise></ray><plugin filename="libgazebo_ros_laser.so" name="gazebo_ros_lds_lfcd_controller"><topicName>scan</topicName><frameName>base_scan</frameName><robotNamespace>/</robotNamespace></plugin><pose>-0.032 0 0.182 0 -0 0</pose></sensor>]
Dbg [parser_urdf.cc:2549]   STRING REPLACE: instances of _link name [base_link] with [base_footprint]
Dbg [parser_urdf.cc:2549]   STRING REPLACE: instances of _link name [base_link] with [base_footprint]
Dbg [parser_urdf.cc:721] LINK NAME: [parent: base_footprint] from dMass
Dbg [parser_urdf.cc:722]      MASS: [0]
Dbg [parser_urdf.cc:723]        CG: [0, 0, 0]
Dbg [parser_urdf.cc:725]         I: [0, 0, 0]
Dbg [parser_urdf.cc:727]            [0, 0, 0]
Dbg [parser_urdf.cc:729]            [0, 0, 0]
Dbg [parser_urdf.cc:721] LINK NAME: [link : base_link] from dMass
Dbg [parser_urdf.cc:722]      MASS: [0.947912]
Dbg [parser_urdf.cc:723]        CG: [0, 0, 0]
Dbg [parser_urdf.cc:725]         I: [0.00719839, -1.3406e-05, 0.000562611]
Dbg [parser_urdf.cc:727]            [-1.3406e-05, 0.00724774, -6.55514e-06]
Dbg [parser_urdf.cc:729]            [0.000562611, -6.55514e-06, 0.00414947]
Dbg [parser_urdf.cc:721] LINK NAME: [link in parent link: base_link] from dMass
Dbg [parser_urdf.cc:722]      MASS: [0.947912]
Dbg [parser_urdf.cc:723]        CG: [-0.00409751, 2.12116e-05, 0.0309938]
Dbg [parser_urdf.cc:725]         I: [0.00810897, -1.33236e-05, 0.000682993]
Dbg [parser_urdf.cc:727]            [-1.33236e-05, 0.00817423, -7.17832e-06]
Dbg [parser_urdf.cc:729]            [0.000682993, -7.17832e-06, 0.00416538]
Dbg [parser_urdf.cc:721] LINK NAME: [combined: base_footprint] from dMass
Dbg [parser_urdf.cc:722]      MASS: [0.947912]
Dbg [parser_urdf.cc:723]        CG: [-0.00409751, 2.12116e-05, 0.0309938]
Dbg [parser_urdf.cc:725]         I: [0.00810897, -1.33236e-05, 0.000682993]
Dbg [parser_urdf.cc:727]            [-1.33236e-05, 0.00817423, -7.17832e-06]
Dbg [parser_urdf.cc:729]            [0.000682993, -7.17832e-06, 0.00416538]
Dbg [parser_urdf.cc:737] LINK NAME: [base_footprint] from dMass
Dbg [parser_urdf.cc:738]      MASS: [0.947912]
Dbg [parser_urdf.cc:739]        CG: [-0.00409751, 2.12116e-05, 0.0309938]
Dbg [parser_urdf.cc:742]         I: [0.00719839, -1.3406e-05, 0.000562611]
Dbg [parser_urdf.cc:745]            [-1.3406e-05, 0.00724774, -6.55514e-06]
Dbg [parser_urdf.cc:748]            [0.000562611, -6.55514e-06, 0.00414947]
Dbg [parser_urdf.cc:948] lumping visual [] for link [base_link] to parent [base_footprint] with name [base_link]
Dbg [parser_urdf.cc:948] lumping visual [camera_link] for link [base_link] to parent [base_footprint] with name [camera_link]
Dbg [parser_urdf.cc:948] lumping visual [camera_link_frame] for link [base_link] to parent [base_footprint] with name [camera_link_frame]
Dbg [parser_urdf.cc:948] lumping visual [base_scan] for link [base_link] to parent [base_footprint] with name [base_scan]
Dbg [parser_urdf.cc:1007] lumping collision [] for link [base_link] to parent [base_footprint] with name [base_link]
Dbg [parser_urdf.cc:1007] lumping collision [caster_back_link] for link [base_link] to parent [base_footprint] with name [caster_back_link]
Dbg [parser_urdf.cc:1007] lumping collision [camera_link] for link [base_link] to parent [base_footprint] with name [camera_link]
Dbg [parser_urdf.cc:1007] lumping collision [base_scan] for link [base_link] to parent [base_footprint] with name [base_scan]
Dbg [parser_urdf.cc:2754] [base_footprint] has no parent joint
Dbg [parser_urdf.cc:2798] creating collision for link [base_footprint] collision [base_link]
Dbg [parser_urdf.cc:2798] creating collision for link [base_footprint] collision [caster_back_link]
Dbg [parser_urdf.cc:2798] creating collision for link [base_footprint] collision [camera_link]
Dbg [parser_urdf.cc:2798] creating collision for link [base_footprint] collision [base_scan]
Dbg [parser_urdf.cc:2843] creating visual for link [base_footprint] visual [base_link]
Dbg [parser_urdf.cc:2843] creating visual for link [base_footprint] visual [camera_link]
Dbg [parser_urdf.cc:2843] creating visual for link [base_footprint] visual [camera_link_frame]
Dbg [parser_urdf.cc:2843] creating visual for link [base_footprint] visual [base_scan]
Dbg [parser_urdf.cc:2066] inserting extension with reference [base_footprint] into link.
Dbg [parser_urdf.cc:1144] multiple consistent <gravity> exists with [true] due to fixed joint reduction.
Dbg [parser_urdf.cc:1144] multiple consistent <gravity> exists with [true] due to fixed joint reduction.
Dbg [parser_urdf.cc:1144] multiple consistent <gravity> exists with [true] due to fixed joint reduction.
Dbg [parser_urdf.cc:1144] multiple consistent <gravity> exists with [true] due to fixed joint reduction.
Dbg [parser_urdf.cc:1144] multiple consistent <gravity> exists with [true] due to fixed joint reduction.
Dbg [parser_urdf.cc:2678] urdf2sdf: link[imu_link] has no inertia, parent joint [imu_joint] ignored.
Dbg [parser_urdf.cc:2684] urdf2sdf: link[imu_link] has no inertia, not modeled in sdf
Dbg [parser_urdf.cc:2798] creating collision for link [wheel_left_link] collision []
Dbg [parser_urdf.cc:2843] creating visual for link [wheel_left_link] visual []
Dbg [parser_urdf.cc:2066] inserting extension with reference [wheel_left_link] into link.
Dbg [parser_urdf.cc:2798] creating collision for link [wheel_right_link] collision []
Dbg [parser_urdf.cc:2843] creating visual for link [wheel_right_link] visual []
Dbg [parser_urdf.cc:2066] inserting extension with reference [wheel_right_link] into link.
Dbg [parser_urdf.cc:1144] multiple consistent <static> exists with [false] due to fixed joint reduction.
Dbg [parser.cc:483] Parsing from urdf.
